[HTTP] Binding to address: :1080
Creating API v1 with WebPath: 
Creating API v2 with WebPath: 
[APIv1] KEEPALIVE /api/v1/events
[APIv1] KEEPALIVE /api/v1/events
[APIv1] KEEPALIVE /api/v1/events
Got message in APIv2 websocket channel
[APIv2] BROADCAST /api/v2/websocket
Got message in APIv1 event stream
Sending content: {
  "ID": "3u4LH6YQDxrkFRhlV3GdBM7wIYgZqvy90fzq-6LFKXU=@mailhog.example",
  "From": {
    "Relays": null,
    "Mailbox": "nobody",
    "Domain": "8380984216d2",
    "Params": ""
  },
  "To": [
    {
      "Relays": null,
      "Mailbox": "mailhog",
      "Domain": "flywheel.local",
      "Params": ""
    }
  ],
  "Content": {
    "Headers": {
      "Content-Type": [
        "text/plain; charset=UTF-8"
      ],
      "Date": [
        "Sun, 3 May 2020 09:55:59 +0000"
      ],
      "From": [
        "WordPress \u003cwordpress@dockswp.local\u003e"
      ],
      "MIME-Version": [
        "1.0"
      ],
      "Message-ID": [
        "\u003ce05658b5bdc627e2be2af7d68cd32d0a@dockswp.local\u003e"
      ],
      "Received": [
        "from localhost by mailhog.example (MailHog)\r\n          id 3u4LH6YQDxrkFRhlV3GdBM7wIYgZqvy90fzq-6LFKXU=@mailhog.example; Sun, 03 May 2020 09:55:59 +0000"
      ],
      "Return-Path": [
        "\u003cnobody@8380984216d2\u003e"
      ],
      "Subject": [
        "New WordPress Site"
      ],
      "To": [
        "alex@searchstation.co.uk"
      ],
      "X-Mailer": [
        "PHPMailer 5.2.27 (https://github.com/PHPMailer/PHPMailer)"
      ],
      "X-PHP-Originating-Script": [
        "0:class-phpmailer.php"
      ]
    },
    "Body": "Your new WordPress site has been successfully set up at:\r\n\r\nhttp://dockswp.local\r\n\r\nYou can log in to the administrator account with the following information:\r\n\r\nUsername: alexdurston\r\nPassword: The password you chose during installation.\r\nLog in here: http://dockswp.local/wp-login.php\r\n\r\nWe hope you enjoy your new site. Thanks!\r\n\r\n--The WordPress Team\r\nhttps://wordpress.org/\r\n",
    "Size": 763,
    "MIME": null
  },
  "Created": "2020-05-03T09:55:59.139958027Z",
  "MIME": null,
  "Raw": {
    "From": "nobody@8380984216d2",
    "To": [
      "mailhog@flywheel.local"
    ],
    "Data": "To: alex@searchstation.co.uk\r\nSubject: New WordPress Site\r\nX-PHP-Originating-Script: 0:class-phpmailer.php\r\nDate: Sun, 3 May 2020 09:55:59 +0000\r\nFrom: WordPress \u003cwordpress@dockswp.local\u003e\r\nMessage-ID: \u003ce05658b5bdc627e2be2af7d68cd32d0a@dockswp.local\u003e\r\nX-Mailer: PHPMailer 5.2.27 (https://github.com/PHPMailer/PHPMailer)\r\nMIME-Version: 1.0\r\nContent-Type: text/plain; charset=UTF-8\r\n\r\nYour new WordPress site has been successfully set up at:\r\n\r\nhttp://dockswp.local\r\n\r\nYou can log in to the administrator account with the following information:\r\n\r\nUsername: alexdurston\r\nPassword: The password you chose during installation.\r\nLog in here: http://dockswp.local/wp-login.php\r\n\r\nWe hope you enjoy your new site. Thanks!\r\n\r\n--The WordPress Team\r\nhttps://wordpress.org/\r\n",
    "Helo": "localhost"
  }
}

[APIv1] BROADCAST /api/v1/events
[APIv1] KEEPALIVE /api/v1/events
[APIv1] KEEPALIVE /api/v1/events
Got message in APIv2 websocket channel
[APIv2] BROADCAST /api/v2/websocket
Got message in APIv1 event stream
Sending content: {
  "ID": "PSZ9_S7dM7kr_alxJ-yDccpcgJ_-fkT8uJ8Sh5ET01I=@mailhog.example",
  "From": {
    "Relays": null,
    "Mailbox": "www-data",
    "Domain": "8380984216d2",
    "Params": ""
  },
  "To": [
    {
      "Relays": null,
      "Mailbox": "mailhog",
      "Domain": "flywheel.local",
      "Params": ""
    }
  ],
  "Content": {
    "Headers": {
      "Content-Type": [
        "text/plain; charset=UTF-8"
      ],
      "Date": [
        "Sun, 3 May 2020 09:58:16 +0000"
      ],
      "From": [
        "WordPress \u003cwordpress@dockswp.local\u003e"
      ],
      "MIME-Version": [
        "1.0"
      ],
      "Message-ID": [
        "\u003c330e83be6746c8c5e5d255532db27d0a@dockswp.local\u003e"
      ],
      "Received": [
        "from localhost by mailhog.example (MailHog)\r\n          id PSZ9_S7dM7kr_alxJ-yDccpcgJ_-fkT8uJ8Sh5ET01I=@mailhog.example; Sun, 03 May 2020 09:58:16 +0000"
      ],
      "Return-Path": [
        "\u003cwww-data@8380984216d2\u003e"
      ],
      "Subject": [
        "New WordPress Site"
      ],
      "To": [
        "alex@searchstation.co.uk"
      ],
      "X-Mailer": [
        "PHPMailer 5.2.27 (https://github.com/PHPMailer/PHPMailer)"
      ],
      "X-PHP-Originating-Script": [
        "1000:class-phpmailer.php"
      ]
    },
    "Body": "Your new WordPress site has been successfully set up at:\r\n\r\nhttp://dockswp.local\r\n\r\nYou can log in to the administrator account with the following information:\r\n\r\nUsername: alexdurston\r\nPassword: The password you chose during installation.\r\nLog in here: http://dockswp.local/wp-login.php\r\n\r\nWe hope you enjoy your new site. Thanks!\r\n\r\n--The WordPress Team\r\nhttps://wordpress.org/\r\n",
    "Size": 766,
    "MIME": null
  },
  "Created": "2020-05-03T09:58:16.539774846Z",
  "MIME": null,
  "Raw": {
    "From": "www-data@8380984216d2",
    "To": [
      "mailhog@flywheel.local"
    ],
    "Data": "To: alex@searchstation.co.uk\r\nSubject: New WordPress Site\r\nX-PHP-Originating-Script: 1000:class-phpmailer.php\r\nDate: Sun, 3 May 2020 09:58:16 +0000\r\nFrom: WordPress \u003cwordpress@dockswp.local\u003e\r\nMessage-ID: \u003c330e83be6746c8c5e5d255532db27d0a@dockswp.local\u003e\r\nX-Mailer: PHPMailer 5.2.27 (https://github.com/PHPMailer/PHPMailer)\r\nMIME-Version: 1.0\r\nContent-Type: text/plain; charset=UTF-8\r\n\r\nYour new WordPress site has been successfully set up at:\r\n\r\nhttp://dockswp.local\r\n\r\nYou can log in to the administrator account with the following information:\r\n\r\nUsername: alexdurston\r\nPassword: The password you chose during installation.\r\nLog in here: http://dockswp.local/wp-login.php\r\n\r\nWe hope you enjoy your new site. Thanks!\r\n\r\n--The WordPress Team\r\nhttps://wordpress.org/\r\n",
    "Helo": "localhost"
  }
}

[APIv1] BROADCAST /api/v1/events
[APIv1] KEEPALIVE /api/v1/events
[APIv1] KEEPALIVE /api/v1/events
Got message in APIv2 websocket channel
[APIv2] BROADCAST /api/v2/websocket
Got message in APIv1 event stream
Sending content: {
  "ID": "TFw7e6LS7Sxrp7OlgejTxDRU2WM5veSxtAHBfGEHerc=@mailhog.example",
  "From": {
    "Relays": null,
    "Mailbox": "www-data",
    "Domain": "8380984216d2",
    "Params": ""
  },
  "To": [
    {
      "Relays": null,
      "Mailbox": "mailhog",
      "Domain": "flywheel.local",
      "Params": ""
    }
  ],
  "Content": {
    "Headers": {
      "Content-Type": [
        "text/plain; charset=UTF-8"
      ],
      "Date": [
        "Sun, 3 May 2020 10:00:32 +0000"
      ],
      "From": [
        "WordPress \u003cwordpress@dockswp.local\u003e"
      ],
      "MIME-Version": [
        "1.0"
      ],
      "Message-ID": [
        "\u003c849a2540a68f5d15838be90571b69bf8@dockswp.local\u003e"
      ],
      "Received": [
        "from localhost by mailhog.example (MailHog)\r\n          id TFw7e6LS7Sxrp7OlgejTxDRU2WM5veSxtAHBfGEHerc=@mailhog.example; Sun, 03 May 2020 10:00:32 +0000"
      ],
      "Return-Path": [
        "\u003cwww-data@8380984216d2\u003e"
      ],
      "Subject": [
        "[DocksWP] New Admin Email Address"
      ],
      "To": [
        "team@searchstation.co.uk"
      ],
      "X-Mailer": [
        "PHPMailer 5.2.27 (https://github.com/PHPMailer/PHPMailer)"
      ],
      "X-PHP-Originating-Script": [
        "1000:class-phpmailer.php"
      ]
    },
    "Body": "Hi alexdurston,\r\n\r\nYou recently requested to have the administration email address on\r\nyour site changed.\r\n\r\nIf this is correct, please click on the following link to change it:\r\nhttp://dockswp.local/wp-admin/options.php?adminhash=061c8f26cff231c09dcd60a8482c56a9\r\n\r\nYou can safely ignore and delete this email if you do not want to\r\ntake this action.\r\n\r\nThis email has been sent to team@searchstation.co.uk\r\n\r\nRegards,\r\nAll at DocksWP\r\nhttp://dockswp.local\r\n",
    "Size": 859,
    "MIME": null
  },
  "Created": "2020-05-03T10:00:32.210563592Z",
  "MIME": null,
  "Raw": {
    "From": "www-data@8380984216d2",
    "To": [
      "mailhog@flywheel.local"
    ],
    "Data": "To: team@searchstation.co.uk\r\nSubject: [DocksWP] New Admin Email Address\r\nX-PHP-Originating-Script: 1000:class-phpmailer.php\r\nDate: Sun, 3 May 2020 10:00:32 +0000\r\nFrom: WordPress \u003cwordpress@dockswp.local\u003e\r\nMessage-ID: \u003c849a2540a68f5d15838be90571b69bf8@dockswp.local\u003e\r\nX-Mailer: PHPMailer 5.2.27 (https://github.com/PHPMailer/PHPMailer)\r\nMIME-Version: 1.0\r\nContent-Type: text/plain; charset=UTF-8\r\n\r\nHi alexdurston,\r\n\r\nYou recently requested to have the administration email address on\r\nyour site changed.\r\n\r\nIf this is correct, please click on the following link to change it:\r\nhttp://dockswp.local/wp-admin/options.php?adminhash=061c8f26cff231c09dcd60a8482c56a9\r\n\r\nYou can safely ignore and delete this email if you do not want to\r\ntake this action.\r\n\r\nThis email has been sent to team@searchstation.co.uk\r\n\r\nRegards,\r\nAll at DocksWP\r\nhttp://dockswp.local\r\n",
    "Helo": "localhost"
  }
}

[APIv1] BROADCAST /api/v1/events
[APIv1] KEEPALIVE /api/v1/events
[APIv2] GET /api/v2/jim
[APIv2] GET /api/v2/messages
[APIv2] GET /api/v2/websocket
[APIv1] GET /api/v1/messages/TFw7e6LS7Sxrp7OlgejTxDRU2WM5veSxtAHBfGEHerc=@mailhog.example

Got message in APIv2 websocket channel
[APIv2] BROADCAST /api/v2/websocket
Got message in APIv1 event stream
Sending content: {
  "ID": "1bIpd_srgrMqEb0zK7ZI7NtafYza-9AxI8kX21deP0s=@mailhog.example",
  "From": {
    "Relays": null,
    "Mailbox": "www-data",
    "Domain": "8380984216d2",
    "Params": ""
  },
  "To": [
    {
      "Relays": null,
      "Mailbox": "mailhog",
      "Domain": "flywheel.local",
      "Params": ""
    }
  ],
  "Content": {
    "Headers": {
      "Content-Type": [
        "text/plain; charset=UTF-8"
      ],
      "Date": [
        "Sun, 3 May 2020 10:01:02 +0000"
      ],
      "From": [
        "WordPress \u003cwordpress@dockswp.local\u003e"
      ],
      "MIME-Version": [
        "1.0"
      ],
      "Message-ID": [
        "\u003cb8fa88f1752ef002ba281dbc1734284b@dockswp.local\u003e"
      ],
      "Received": [
        "from localhost by mailhog.example (MailHog)\r\n          id 1bIpd_srgrMqEb0zK7ZI7NtafYza-9AxI8kX21deP0s=@mailhog.example; Sun, 03 May 2020 10:01:02 +0000"
      ],
      "Return-Path": [
        "\u003cwww-data@8380984216d2\u003e"
      ],
      "Subject": [
        "[DocksWP] Admin Email Changed"
      ],
      "To": [
        "alex@searchstation.co.uk"
      ],
      "X-Mailer": [
        "PHPMailer 5.2.27 (https://github.com/PHPMailer/PHPMailer)"
      ],
      "X-PHP-Originating-Script": [
        "1000:class-phpmailer.php"
      ]
    },
    "Body": "Hi,\r\n\r\nThis notice confirms that the admin email address was changed on DocksWP.\r\n\r\nThe new admin email address is team@searchstation.co.uk.\r\n\r\nThis email has been sent to alex@searchstation.co.uk\r\n\r\nRegards,\r\nAll at DocksWP\r\nhttps://dockswp.local\r\n",
    "Size": 645,
    "MIME": null
  },
  "Created": "2020-05-03T10:01:02.913096493Z",
  "MIME": null,
  "Raw": {
    "From": "www-data@8380984216d2",
    "To": [
      "mailhog@flywheel.local"
    ],
    "Data": "To: alex@searchstation.co.uk\r\nSubject: [DocksWP] Admin Email Changed\r\nX-PHP-Originating-Script: 1000:class-phpmailer.php\r\nDate: Sun, 3 May 2020 10:01:02 +0000\r\nFrom: WordPress \u003cwordpress@dockswp.local\u003e\r\nMessage-ID: \u003cb8fa88f1752ef002ba281dbc1734284b@dockswp.local\u003e\r\nX-Mailer: PHPMailer 5.2.27 (https://github.com/PHPMailer/PHPMailer)\r\nMIME-Version: 1.0\r\nContent-Type: text/plain; charset=UTF-8\r\n\r\nHi,\r\n\r\nThis notice confirms that the admin email address was changed on DocksWP.\r\n\r\nThe new admin email address is team@searchstation.co.uk.\r\n\r\nThis email has been sent to alex@searchstation.co.uk\r\n\r\nRegards,\r\nAll at DocksWP\r\nhttps://dockswp.local\r\n",
    "Helo": "localhost"
  }
}

[APIv1] BROADCAST /api/v1/events
[APIv1] KEEPALIVE /api/v1/events
[APIv1] KEEPALIVE /api/v1/events
[APIv1] KEEPALIVE /api/v1/events
[APIv1] KEEPALIVE /api/v1/events
[APIv1] KEEPALIVE /api/v1/events
[APIv1] KEEPALIVE /api/v1/events
[APIv1] KEEPALIVE /api/v1/events
[APIv1] KEEPALIVE /api/v1/events
[APIv1] KEEPALIVE /api/v1/events
[APIv1] KEEPALIVE /api/v1/events
[APIv1] KEEPALIVE /api/v1/events
[APIv1] KEEPALIVE /api/v1/events
[APIv1] KEEPALIVE /api/v1/events
[APIv1] KEEPALIVE /api/v1/events
[APIv1] KEEPALIVE /api/v1/events
[APIv1] KEEPALIVE /api/v1/events
[APIv1] KEEPALIVE /api/v1/events
[APIv1] KEEPALIVE /api/v1/events
[APIv1] KEEPALIVE /api/v1/events
[APIv1] KEEPALIVE /api/v1/events
[APIv1] KEEPALIVE /api/v1/events
[APIv1] KEEPALIVE /api/v1/events
[APIv1] KEEPALIVE /api/v1/events
[APIv1] KEEPALIVE /api/v1/events
[APIv1] KEEPALIVE /api/v1/events
[APIv1] KEEPALIVE /api/v1/events
[APIv1] KEEPALIVE /api/v1/events
[APIv1] KEEPALIVE /api/v1/events
[APIv1] KEEPALIVE /api/v1/events
[APIv1] KEEPALIVE /api/v1/events
[APIv1] KEEPALIVE /api/v1/events
[APIv1] KEEPALIVE /api/v1/events
[APIv1] KEEPALIVE /api/v1/events
[APIv1] KEEPALIVE /api/v1/events
[APIv1] KEEPALIVE /api/v1/events
[APIv1] KEEPALIVE /api/v1/events
[APIv1] KEEPALIVE /api/v1/events
[APIv1] KEEPALIVE /api/v1/events
[APIv1] KEEPALIVE /api/v1/events
[APIv1] KEEPALIVE /api/v1/events
[APIv1] KEEPALIVE /api/v1/events
[APIv1] KEEPALIVE /api/v1/events
[APIv1] KEEPALIVE /api/v1/events
[APIv1] KEEPALIVE /api/v1/events
[APIv1] KEEPALIVE /api/v1/events
[APIv1] KEEPALIVE /api/v1/events
[APIv1] KEEPALIVE /api/v1/events
[APIv1] KEEPALIVE /api/v1/events
[APIv1] KEEPALIVE /api/v1/events
[APIv1] KEEPALIVE /api/v1/events
[APIv1] KEEPALIVE /api/v1/events
[APIv1] KEEPALIVE /api/v1/events
[APIv1] KEEPALIVE /api/v1/events
[APIv1] KEEPALIVE /api/v1/events
[APIv1] KEEPALIVE /api/v1/events
[APIv1] KEEPALIVE /api/v1/events
[APIv1] KEEPALIVE /api/v1/events
[APIv1] KEEPALIVE /api/v1/events
[APIv1] KEEPALIVE /api/v1/events
[APIv1] KEEPALIVE /api/v1/events
[APIv1] KEEPALIVE /api/v1/events
[APIv1] KEEPALIVE /api/v1/events
[APIv1] KEEPALIVE /api/v1/events
[APIv1] KEEPALIVE /api/v1/events
[APIv1] KEEPALIVE /api/v1/events
[APIv1] KEEPALIVE /api/v1/events
[APIv1] KEEPALIVE /api/v1/events
[APIv1] KEEPALIVE /api/v1/events
[APIv1] KEEPALIVE /api/v1/events
[APIv1] KEEPALIVE /api/v1/events
[APIv1] KEEPALIVE /api/v1/events
[APIv1] KEEPALIVE /api/v1/events
[APIv1] KEEPALIVE /api/v1/events
[APIv1] KEEPALIVE /api/v1/events
[APIv1] KEEPALIVE /api/v1/events
[APIv1] KEEPALIVE /api/v1/events
[APIv1] KEEPALIVE /api/v1/events
[APIv1] KEEPALIVE /api/v1/events
[APIv1] KEEPALIVE /api/v1/events
[APIv1] KEEPALIVE /api/v1/events
[APIv1] KEEPALIVE /api/v1/events
[APIv1] KEEPALIVE /api/v1/events
[APIv1] KEEPALIVE /api/v1/events
[APIv1] KEEPALIVE /api/v1/events
[APIv1] KEEPALIVE /api/v1/events
[APIv1] KEEPALIVE /api/v1/events
[APIv1] KEEPALIVE /api/v1/events
[APIv1] KEEPALIVE /api/v1/events
[APIv1] KEEPALIVE /api/v1/events
[APIv1] KEEPALIVE /api/v1/events
[APIv1] KEEPALIVE /api/v1/events
[APIv1] KEEPALIVE /api/v1/events
[APIv1] KEEPALIVE /api/v1/events
[APIv1] KEEPALIVE /api/v1/events
[APIv1] KEEPALIVE /api/v1/events
[APIv1] KEEPALIVE /api/v1/events
[APIv1] KEEPALIVE /api/v1/events
[APIv1] KEEPALIVE /api/v1/events
[APIv1] KEEPALIVE /api/v1/events
[APIv1] KEEPALIVE /api/v1/events
[APIv1] KEEPALIVE /api/v1/events
[APIv1] KEEPALIVE /api/v1/events
[APIv1] KEEPALIVE /api/v1/events
[APIv1] KEEPALIVE /api/v1/events
[APIv1] KEEPALIVE /api/v1/events
[APIv1] KEEPALIVE /api/v1/events
[APIv1] KEEPALIVE /api/v1/events
[APIv1] KEEPALIVE /api/v1/events
[APIv1] KEEPALIVE /api/v1/events
[APIv1] KEEPALIVE /api/v1/events
[APIv1] KEEPALIVE /api/v1/events
[APIv1] KEEPALIVE /api/v1/events
[APIv1] KEEPALIVE /api/v1/events
[APIv1] KEEPALIVE /api/v1/events
[APIv1] KEEPALIVE /api/v1/events
[APIv1] KEEPALIVE /api/v1/events
[APIv1] KEEPALIVE /api/v1/events
[APIv1] KEEPALIVE /api/v1/events
[APIv1] KEEPALIVE /api/v1/events
[APIv1] KEEPALIVE /api/v1/events
[APIv1] KEEPALIVE /api/v1/events
[APIv1] KEEPALIVE /api/v1/events
[APIv1] KEEPALIVE /api/v1/events
[APIv1] KEEPALIVE /api/v1/events
[APIv1] KEEPALIVE /api/v1/events
[APIv1] KEEPALIVE /api/v1/events
[APIv1] KEEPALIVE /api/v1/events
[APIv1] KEEPALIVE /api/v1/events
[APIv1] KEEPALIVE /api/v1/events
[APIv1] KEEPALIVE /api/v1/events
[APIv1] KEEPALIVE /api/v1/events
[APIv1] KEEPALIVE /api/v1/events
[APIv1] KEEPALIVE /api/v1/events
[APIv1] KEEPALIVE /api/v1/events
[APIv1] KEEPALIVE /api/v1/events
Got message in APIv2 websocket channel
[APIv2] BROADCAST /api/v2/websocket
Got message in APIv1 event stream
Sending content: {
  "ID": "t94rwn72vzCaOk_UpUvSXBqD6TGo10_5tXCpGWYy02k=@mailhog.example",
  "From": {
    "Relays": null,
    "Mailbox": "www-data",
    "Domain": "8380984216d2",
    "Params": ""
  },
  "To": [
    {
      "Relays": null,
      "Mailbox": "mailhog",
      "Domain": "flywheel.local",
      "Params": ""
    }
  ],
  "Content": {
    "Headers": {
      "Content-Type": [
        "text/plain; charset=UTF-8"
      ],
      "Date": [
        "Sun, 3 May 2020 14:17:23 +0000"
      ],
      "From": [
        "WordPress \u003cwordpress@dockswp.local\u003e"
      ],
      "MIME-Version": [
        "1.0"
      ],
      "Message-ID": [
        "\u003c13b752a9c06ff5eae705837b3f1cdf7f@dockswp.local\u003e"
      ],
      "Received": [
        "from localhost by mailhog.example (MailHog)\r\n          id t94rwn72vzCaOk_UpUvSXBqD6TGo10_5tXCpGWYy02k=@mailhog.example; Sun, 03 May 2020 14:17:23 +0000"
      ],
      "Return-Path": [
        "\u003cwww-data@8380984216d2\u003e"
      ],
      "Subject": [
        "[DocksWP] New User Registration"
      ],
      "To": [
        "team@searchstation.co.uk"
      ],
      "X-Mailer": [
        "PHPMailer 5.2.27 (https://github.com/PHPMailer/PHPMailer)"
      ],
      "X-PHP-Originating-Script": [
        "1000:class-phpmailer.php"
      ]
    },
    "Body": "New user registration on your site DocksWP:\r\n\r\nUsername: davidwilkinson\r\n\r\nEmail: david@searchstation.co.uk\r\n",
    "Size": 507,
    "MIME": null
  },
  "Created": "2020-05-03T14:17:23.636510136Z",
  "MIME": null,
  "Raw": {
    "From": "www-data@8380984216d2",
    "To": [
      "mailhog@flywheel.local"
    ],
    "Data": "To: team@searchstation.co.uk\r\nSubject: [DocksWP] New User Registration\r\nX-PHP-Originating-Script: 1000:class-phpmailer.php\r\nDate: Sun, 3 May 2020 14:17:23 +0000\r\nFrom: WordPress \u003cwordpress@dockswp.local\u003e\r\nMessage-ID: \u003c13b752a9c06ff5eae705837b3f1cdf7f@dockswp.local\u003e\r\nX-Mailer: PHPMailer 5.2.27 (https://github.com/PHPMailer/PHPMailer)\r\nMIME-Version: 1.0\r\nContent-Type: text/plain; charset=UTF-8\r\n\r\nNew user registration on your site DocksWP:\r\n\r\nUsername: davidwilkinson\r\n\r\nEmail: david@searchstation.co.uk\r\n",
    "Helo": "localhost"
  }
}

[APIv1] BROADCAST /api/v1/events
Got message in APIv2 websocket channel
[APIv2] BROADCAST /api/v2/websocket
Got message in APIv1 event stream
Sending content: {
  "ID": "GlU3SXVsEJ2T6HxCGgdA8YRM3HvnawubJ7uvt_K0K2E=@mailhog.example",
  "From": {
    "Relays": null,
    "Mailbox": "www-data",
    "Domain": "8380984216d2",
    "Params": ""
  },
  "To": [
    {
      "Relays": null,
      "Mailbox": "mailhog",
      "Domain": "flywheel.local",
      "Params": ""
    }
  ],
  "Content": {
    "Headers": {
      "Content-Type": [
        "text/plain; charset=UTF-8"
      ],
      "Date": [
        "Sun, 3 May 2020 14:17:52 +0000"
      ],
      "From": [
        "WordPress \u003cwordpress@dockswp.local\u003e"
      ],
      "MIME-Version": [
        "1.0"
      ],
      "Message-ID": [
        "\u003c7cc81e440e52de1f395b9068fc1ffe90@dockswp.local\u003e"
      ],
      "Received": [
        "from localhost by mailhog.example (MailHog)\r\n          id GlU3SXVsEJ2T6HxCGgdA8YRM3HvnawubJ7uvt_K0K2E=@mailhog.example; Sun, 03 May 2020 14:17:52 +0000"
      ],
      "Return-Path": [
        "\u003cwww-data@8380984216d2\u003e"
      ],
      "Subject": [
        "[DocksWP] New User Registration"
      ],
      "To": [
        "team@searchstation.co.uk"
      ],
      "X-Mailer": [
        "PHPMailer 5.2.27 (https://github.com/PHPMailer/PHPMailer)"
      ],
      "X-PHP-Originating-Script": [
        "1000:class-phpmailer.php"
      ]
    },
    "Body": "New user registration on your site DocksWP:\r\n\r\nUsername: amyhough\r\n\r\nEmail: amy@searchstation.co.uk\r\n",
    "Size": 499,
    "MIME": null
  },
  "Created": "2020-05-03T14:17:52.637413604Z",
  "MIME": null,
  "Raw": {
    "From": "www-data@8380984216d2",
    "To": [
      "mailhog@flywheel.local"
    ],
    "Data": "To: team@searchstation.co.uk\r\nSubject: [DocksWP] New User Registration\r\nX-PHP-Originating-Script: 1000:class-phpmailer.php\r\nDate: Sun, 3 May 2020 14:17:52 +0000\r\nFrom: WordPress \u003cwordpress@dockswp.local\u003e\r\nMessage-ID: \u003c7cc81e440e52de1f395b9068fc1ffe90@dockswp.local\u003e\r\nX-Mailer: PHPMailer 5.2.27 (https://github.com/PHPMailer/PHPMailer)\r\nMIME-Version: 1.0\r\nContent-Type: text/plain; charset=UTF-8\r\n\r\nNew user registration on your site DocksWP:\r\n\r\nUsername: amyhough\r\n\r\nEmail: amy@searchstation.co.uk\r\n",
    "Helo": "localhost"
  }
}

[APIv1] BROADCAST /api/v1/events
Got message in APIv2 websocket channel
[APIv2] BROADCAST /api/v2/websocket
Got message in APIv1 event stream
Sending content: {
  "ID": "6VtCxg6VW4qXvIzVbqgdnADdJmcEBYAQzVSg4vPUf8g=@mailhog.example",
  "From": {
    "Relays": null,
    "Mailbox": "www-data",
    "Domain": "8380984216d2",
    "Params": ""
  },
  "To": [
    {
      "Relays": null,
      "Mailbox": "mailhog",
      "Domain": "flywheel.local",
      "Params": ""
    }
  ],
  "Content": {
    "Headers": {
      "Content-Type": [
        "text/plain; charset=UTF-8"
      ],
      "Date": [
        "Sun, 3 May 2020 14:17:52 +0000"
      ],
      "From": [
        "WordPress \u003cwordpress@dockswp.local\u003e"
      ],
      "MIME-Version": [
        "1.0"
      ],
      "Message-ID": [
        "\u003c530ac6be2c3902978e816a9eb96cf553@dockswp.local\u003e"
      ],
      "Received": [
        "from localhost by mailhog.example (MailHog)\r\n          id 6VtCxg6VW4qXvIzVbqgdnADdJmcEBYAQzVSg4vPUf8g=@mailhog.example; Sun, 03 May 2020 14:17:52 +0000"
      ],
      "Return-Path": [
        "\u003cwww-data@8380984216d2\u003e"
      ],
      "Subject": [
        "[DocksWP] Login Details"
      ],
      "To": [
        "amy@searchstation.co.uk"
      ],
      "X-Mailer": [
        "PHPMailer 5.2.27 (https://github.com/PHPMailer/PHPMailer)"
      ],
      "X-PHP-Originating-Script": [
        "1000:class-phpmailer.php"
      ]
    },
    "Body": "Username: amyhough\r\n\r\nTo set your password, visit the following address:\r\n\r\nhttps://dockswp.local/wp-login.php?action=rp\u0026key=km8ojXdzhVLVco8Y6bul\u0026login=amyhough\r\n\r\nhttps://dockswp.local/wp-login.php\r\n",
    "Size": 589,
    "MIME": null
  },
  "Created": "2020-05-03T14:17:52.691613511Z",
  "MIME": null,
  "Raw": {
    "From": "www-data@8380984216d2",
    "To": [
      "mailhog@flywheel.local"
    ],
    "Data": "To: amy@searchstation.co.uk\r\nSubject: [DocksWP] Login Details\r\nX-PHP-Originating-Script: 1000:class-phpmailer.php\r\nDate: Sun, 3 May 2020 14:17:52 +0000\r\nFrom: WordPress \u003cwordpress@dockswp.local\u003e\r\nMessage-ID: \u003c530ac6be2c3902978e816a9eb96cf553@dockswp.local\u003e\r\nX-Mailer: PHPMailer 5.2.27 (https://github.com/PHPMailer/PHPMailer)\r\nMIME-Version: 1.0\r\nContent-Type: text/plain; charset=UTF-8\r\n\r\nUsername: amyhough\r\n\r\nTo set your password, visit the following address:\r\n\r\nhttps://dockswp.local/wp-login.php?action=rp\u0026key=km8ojXdzhVLVco8Y6bul\u0026login=amyhough\r\n\r\nhttps://dockswp.local/wp-login.php\r\n",
    "Helo": "localhost"
  }
}

[APIv1] BROADCAST /api/v1/events
[APIv1] KEEPALIVE /api/v1/events
[APIv1] KEEPALIVE /api/v1/events
Got message in APIv2 websocket channel
[APIv2] BROADCAST /api/v2/websocket
Got message in APIv1 event stream
Sending content: {
  "ID": "74K0pNDBHMCoShqY-JNzj1s5dDlllhTZLrtOINx3Y5Y=@mailhog.example",
  "From": {
    "Relays": null,
    "Mailbox": "www-data",
    "Domain": "8380984216d2",
    "Params": ""
  },
  "To": [
    {
      "Relays": null,
      "Mailbox": "mailhog",
      "Domain": "flywheel.local",
      "Params": ""
    }
  ],
  "Content": {
    "Headers": {
      "Content-Type": [
        "text/plain; charset=UTF-8"
      ],
      "Date": [
        "Sun, 3 May 2020 14:19:05 +0000"
      ],
      "From": [
        "WordPress \u003cwordpress@dockswp.local\u003e"
      ],
      "MIME-Version": [
        "1.0"
      ],
      "Message-ID": [
        "\u003c0ef81b65dafeac566c58b57e70ec7cdd@dockswp.local\u003e"
      ],
      "Received": [
        "from localhost by mailhog.example (MailHog)\r\n          id 74K0pNDBHMCoShqY-JNzj1s5dDlllhTZLrtOINx3Y5Y=@mailhog.example; Sun, 03 May 2020 14:19:05 +0000"
      ],
      "Return-Path": [
        "\u003cwww-data@8380984216d2\u003e"
      ],
      "Subject": [
        "[DocksWP] New User Registration"
      ],
      "To": [
        "team@searchstation.co.uk"
      ],
      "X-Mailer": [
        "PHPMailer 5.2.27 (https://github.com/PHPMailer/PHPMailer)"
      ],
      "X-PHP-Originating-Script": [
        "1000:class-phpmailer.php"
      ]
    },
    "Body": "New user registration on your site DocksWP:\r\n\r\nUsername: sammanton\r\n\r\nEmail: sam@searchstation.co.uk\r\n",
    "Size": 500,
    "MIME": null
  },
  "Created": "2020-05-03T14:19:05.934447416Z",
  "MIME": null,
  "Raw": {
    "From": "www-data@8380984216d2",
    "To": [
      "mailhog@flywheel.local"
    ],
    "Data": "To: team@searchstation.co.uk\r\nSubject: [DocksWP] New User Registration\r\nX-PHP-Originating-Script: 1000:class-phpmailer.php\r\nDate: Sun, 3 May 2020 14:19:05 +0000\r\nFrom: WordPress \u003cwordpress@dockswp.local\u003e\r\nMessage-ID: \u003c0ef81b65dafeac566c58b57e70ec7cdd@dockswp.local\u003e\r\nX-Mailer: PHPMailer 5.2.27 (https://github.com/PHPMailer/PHPMailer)\r\nMIME-Version: 1.0\r\nContent-Type: text/plain; charset=UTF-8\r\n\r\nNew user registration on your site DocksWP:\r\n\r\nUsername: sammanton\r\n\r\nEmail: sam@searchstation.co.uk\r\n",
    "Helo": "localhost"
  }
}

[APIv1] BROADCAST /api/v1/events
[APIv1] KEEPALIVE /api/v1/events
Got message in APIv2 websocket channel
[APIv2] BROADCAST /api/v2/websocket
Got message in APIv1 event stream
Sending content: {
  "ID": "FI-9aBVhzF7dlbKkE6zar-n0Gsaoi06de622PYQp8Pc=@mailhog.example",
  "From": {
    "Relays": null,
    "Mailbox": "www-data",
    "Domain": "8380984216d2",
    "Params": ""
  },
  "To": [
    {
      "Relays": null,
      "Mailbox": "mailhog",
      "Domain": "flywheel.local",
      "Params": ""
    }
  ],
  "Content": {
    "Headers": {
      "Content-Type": [
        "text/plain; charset=UTF-8"
      ],
      "Date": [
        "Sun, 3 May 2020 14:19:55 +0000"
      ],
      "From": [
        "WordPress \u003cwordpress@dockswp.local\u003e"
      ],
      "MIME-Version": [
        "1.0"
      ],
      "Message-ID": [
        "\u003c52e9ce4e799bfc765de66c01bcbc4c1b@dockswp.local\u003e"
      ],
      "Received": [
        "from localhost by mailhog.example (MailHog)\r\n          id FI-9aBVhzF7dlbKkE6zar-n0Gsaoi06de622PYQp8Pc=@mailhog.example; Sun, 03 May 2020 14:19:55 +0000"
      ],
      "Return-Path": [
        "\u003cwww-data@8380984216d2\u003e"
      ],
      "Subject": [
        "[DocksWP] New User Registration"
      ],
      "To": [
        "team@searchstation.co.uk"
      ],
      "X-Mailer": [
        "PHPMailer 5.2.27 (https://github.com/PHPMailer/PHPMailer)"
      ],
      "X-PHP-Originating-Script": [
        "1000:class-phpmailer.php"
      ]
    },
    "Body": "New user registration on your site DocksWP:\r\n\r\nUsername: lauramarsh\r\n\r\nEmail: laura@searchstation.co.uk\r\n",
    "Size": 503,
    "MIME": null
  },
  "Created": "2020-05-03T14:19:55.796852281Z",
  "MIME": null,
  "Raw": {
    "From": "www-data@8380984216d2",
    "To": [
      "mailhog@flywheel.local"
    ],
    "Data": "To: team@searchstation.co.uk\r\nSubject: [DocksWP] New User Registration\r\nX-PHP-Originating-Script: 1000:class-phpmailer.php\r\nDate: Sun, 3 May 2020 14:19:55 +0000\r\nFrom: WordPress \u003cwordpress@dockswp.local\u003e\r\nMessage-ID: \u003c52e9ce4e799bfc765de66c01bcbc4c1b@dockswp.local\u003e\r\nX-Mailer: PHPMailer 5.2.27 (https://github.com/PHPMailer/PHPMailer)\r\nMIME-Version: 1.0\r\nContent-Type: text/plain; charset=UTF-8\r\n\r\nNew user registration on your site DocksWP:\r\n\r\nUsername: lauramarsh\r\n\r\nEmail: laura@searchstation.co.uk\r\n",
    "Helo": "localhost"
  }
}

[APIv1] BROADCAST /api/v1/events
[APIv1] KEEPALIVE /api/v1/events
