2020-05-03T09:52:49.635781Z 0 [Warning] TIMESTAMP with implicit DEFAULT value is deprecated. Please use --explicit_defaults_for_timestamp server option (see documentation for more details).
2020-05-03T09:52:49.642589Z 0 [Note] /usr/sbin/mysqld (mysqld 5.7.23) starting as process 29 ...
2020-05-03T09:52:49.696590Z 0 [Note] InnoDB: PUNCH HOLE support available
2020-05-03T09:52:49.696661Z 0 [Note] InnoDB: Mutexes and rw_locks use GCC atomic builtins
2020-05-03T09:52:49.696675Z 0 [Note] InnoDB: Uses event mutexes
2020-05-03T09:52:49.696687Z 0 [Note] InnoDB: GCC builtin __atomic_thread_fence() is used for memory barrier
2020-05-03T09:52:49.696698Z 0 [Note] InnoDB: Compressed tables use zlib 1.2.3
2020-05-03T09:52:49.696709Z 0 [Note] InnoDB: Using Linux native AIO
2020-05-03T09:52:49.702379Z 0 [Note] InnoDB: Number of pools: 1
2020-05-03T09:52:49.708168Z 0 [Note] InnoDB: Using CPU crc32 instructions
2020-05-03T09:52:49.714683Z 0 [Note] InnoDB: Initializing buffer pool, total size = 32M, instances = 1, chunk size = 32M
2020-05-03T09:52:49.726205Z 0 [Note] InnoDB: Completed initialization of buffer pool
2020-05-03T09:52:49.731909Z 0 [Note] InnoDB: If the mysqld execution user is authorized, page cleaner thread priority can be changed. See the man page of setpriority().
2020-05-03T09:52:49.808290Z 0 [Note] InnoDB: Highest supported file format is Barracuda.
2020-05-03T09:52:49.824010Z 0 [Note] InnoDB: Log scan progressed past the checkpoint lsn 2588963
2020-05-03T09:52:49.824246Z 0 [Note] InnoDB: Doing recovery: scanned up to log sequence number 2591784
2020-05-03T09:52:49.832750Z 0 [Note] InnoDB: Database was not shutdown normally!
2020-05-03T09:52:49.832789Z 0 [Note] InnoDB: Starting crash recovery.
2020-05-03T09:52:50.858019Z 0 [Note] InnoDB: Starting an apply batch of log records to the database...
InnoDB: Progress in percent: 27 28 29 30 31 32 33 34 35 36 37 38 39 40 41 42 43 44 45 46 47 48 49 50 51 52 53 54 55 56 57 58 59 60 61 62 63 64 65 66 67 68 69 70 71 72 73 74 75 76 77 78 79 80 81 82 83 84 85 86 87 88 89 90 91 92 93 94 95 96 97 98 99 
2020-05-03T09:52:50.873563Z 0 [Note] InnoDB: Apply batch completed
2020-05-03T09:52:51.050035Z 0 [Note] InnoDB: Removed temporary tablespace data file: "ibtmp1"
2020-05-03T09:52:51.061653Z 0 [Note] InnoDB: Creating shared tablespace for temporary tables
2020-05-03T09:52:51.061822Z 0 [Note] InnoDB: Setting file './ibtmp1' size to 12 MB. Physically writing the file full; Please wait ...
2020-05-03T09:52:51.162512Z 0 [Note] InnoDB: File './ibtmp1' size is now 12 MB.
2020-05-03T09:52:51.166600Z 0 [Note] InnoDB: 96 redo rollback segment(s) found. 96 redo rollback segment(s) are active.
2020-05-03T09:52:51.166643Z 0 [Note] InnoDB: 32 non-redo rollback segment(s) are active.
2020-05-03T09:52:51.193492Z 0 [Note] InnoDB: Waiting for purge to start
2020-05-03T09:52:51.244449Z 0 [Note] InnoDB: 5.7.23 started; log sequence number 2591784
2020-05-03T09:52:51.305513Z 0 [Note] Plugin 'FEDERATED' is disabled.
2020-05-03T09:52:51.420366Z 0 [Note] InnoDB: Loading buffer pool(s) from /var/lib/mysql/ib_buffer_pool
2020-05-03T09:52:51.523230Z 0 [Warning] Failed to set up SSL because of the following SSL library error: SSL context is not usable without certificate and private key
2020-05-03T09:52:51.523796Z 0 [Note] Server hostname (bind-address): '*'; port: 3306
2020-05-03T09:52:51.524158Z 0 [Note] IPv6 is available.
2020-05-03T09:52:51.527855Z 0 [Note]   - '::' resolves to '::';
2020-05-03T09:52:51.527908Z 0 [Note] Server socket created on IP: '::'.
2020-05-03T09:52:51.550464Z 0 [Warning] Insecure configuration for --pid-file: Location '/var/run/mysqld' in the path is accessible to all OS users. Consider choosing a different directory.
2020-05-03T09:52:51.554504Z 0 [Note] InnoDB: Buffer pool(s) load completed at 200503  9:52:51
2020-05-03T09:52:51.580718Z 0 [ERROR] /usr/sbin/mysqld: Table './mysql/user' is marked as crashed and should be repaired
2020-05-03T09:52:51.581287Z 0 [Warning] Checking table:   './mysql/user'
2020-05-03T09:52:51.581318Z 0 [ERROR] 1 client is using or hasn't closed the table properly
2020-05-03T09:52:51.586468Z 0 [Warning] 'user' entry 'root@localhost' ignored in --skip-name-resolve mode.
2020-05-03T09:52:51.586530Z 0 [Warning] 'user' entry 'mysql.session@localhost' ignored in --skip-name-resolve mode.
2020-05-03T09:52:51.586548Z 0 [Warning] 'user' entry 'mysql.sys@localhost' ignored in --skip-name-resolve mode.
2020-05-03T09:52:51.587697Z 0 [Warning] 'db' entry 'performance_schema mysql.session@localhost' ignored in --skip-name-resolve mode.
2020-05-03T09:52:51.587726Z 0 [Warning] 'db' entry 'sys mysql.sys@localhost' ignored in --skip-name-resolve mode.
2020-05-03T09:52:51.591443Z 0 [Warning] 'proxies_priv' entry '@ root@localhost' ignored in --skip-name-resolve mode.
2020-05-03T09:52:51.660819Z 0 [Warning] 'tables_priv' entry 'user mysql.session@localhost' ignored in --skip-name-resolve mode.
2020-05-03T09:52:51.660851Z 0 [Warning] 'tables_priv' entry 'sys_config mysql.sys@localhost' ignored in --skip-name-resolve mode.
2020-05-03T09:52:51.897484Z 0 [Note] Event Scheduler: Loaded 0 events
2020-05-03T09:52:51.902522Z 0 [Note] /usr/sbin/mysqld: ready for connections.
Version: '5.7.23'  socket: '/var/run/mysqld/mysqld.sock'  port: 3306  MySQL Community Server (GPL)
2020-05-03T09:55:53.620752Z 4 [ERROR] /usr/sbin/mysqld: Table './mysql/proc' is marked as crashed and should be repaired
2020-05-03T09:55:53.621953Z 4 [Warning] Checking table:   './mysql/proc'
2020-05-03T09:55:53.700344Z 6 [Warning] 'user' entry 'root@localhost' ignored in --skip-name-resolve mode.
2020-05-03T09:55:53.700385Z 6 [Warning] 'user' entry 'mysql.session@localhost' ignored in --skip-name-resolve mode.
2020-05-03T09:55:53.700406Z 6 [Warning] 'user' entry 'mysql.sys@localhost' ignored in --skip-name-resolve mode.
2020-05-03T09:55:53.700449Z 6 [Warning] 'db' entry 'performance_schema mysql.session@localhost' ignored in --skip-name-resolve mode.
2020-05-03T09:55:53.700461Z 6 [Warning] 'db' entry 'sys mysql.sys@localhost' ignored in --skip-name-resolve mode.
2020-05-03T09:55:53.700488Z 6 [Warning] 'proxies_priv' entry '@ root@localhost' ignored in --skip-name-resolve mode.
2020-05-03T09:55:53.701530Z 6 [Warning] 'tables_priv' entry 'user mysql.session@localhost' ignored in --skip-name-resolve mode.
2020-05-03T09:55:53.701571Z 6 [Warning] 'tables_priv' entry 'sys_config mysql.sys@localhost' ignored in --skip-name-resolve mode.
2020-05-03T13:02:59.028341Z 0 [Note] InnoDB: page_cleaner: 1000ms intended loop took 7265639ms. The settings might not be optimal. (flushed=0 and evicted=0, during the time.)
